{"C:\\Users\\josia\\OneDrive\\Documents\\Semestre 8\\Arqui Sw\\casino-life-backend\\src\\app.ts": {"path":"C:\\Users\\josia\\OneDrive\\Documents\\Semestre 8\\Arqui Sw\\casino-life-backend\\src\\app.ts","statementMap":{"0":{"start":{"line":1,"column":0},"end":{"line":1,"column":30}},"1":{"start":{"line":2,"column":0},"end":{"line":2,"column":24}},"2":{"start":{"line":3,"column":0},"end":{"line":3,"column":28}},"3":{"start":{"line":4,"column":0},"end":{"line":4,"column":50}},"4":{"start":{"line":5,"column":0},"end":{"line":5,"column":56}},"5":{"start":{"line":6,"column":0},"end":{"line":6,"column":56}},"6":{"start":{"line":7,"column":0},"end":{"line":7,"column":48}},"7":{"start":{"line":9,"column":0},"end":{"line":9,"column":16}},"8":{"start":{"line":11,"column":12},"end":{"line":11,"column":21}},"9":{"start":{"line":12,"column":0},"end":{"line":12,"column":16}},"10":{"start":{"line":13,"column":0},"end":{"line":13,"column":24}},"11":{"start":{"line":16,"column":0},"end":{"line":16,"column":18}},"12":{"start":{"line":18,"column":0},"end":{"line":18,"column":33}},"13":{"start":{"line":19,"column":0},"end":{"line":19,"column":39}},"14":{"start":{"line":20,"column":0},"end":{"line":20,"column":39}},"15":{"start":{"line":22,"column":0},"end":{"line":22,"column":19}}},"fnMap":{},"branchMap":{},"s":{"0":1,"1":1,"2":1,"3":1,"4":1,"5":1,"6":1,"7":1,"8":1,"9":1,"10":1,"11":1,"12":1,"13":1,"14":1,"15":1},"f":{},"b":{}}
,"C:\\Users\\josia\\OneDrive\\Documents\\Semestre 8\\Arqui Sw\\casino-life-backend\\src\\controllers\\auth.controller.ts": {"path":"C:\\Users\\josia\\OneDrive\\Documents\\Semestre 8\\Arqui Sw\\casino-life-backend\\src\\controllers\\auth.controller.ts","statementMap":{"0":{"start":{"line":2,"column":0},"end":{"line":2,"column":30}},"1":{"start":{"line":3,"column":0},"end":{"line":3,"column":34}},"2":{"start":{"line":4,"column":0},"end":{"line":4,"column":37}},"3":{"start":{"line":5,"column":0},"end":{"line":5,"column":33}},"4":{"start":{"line":6,"column":0},"end":{"line":6,"column":45}},"5":{"start":{"line":8,"column":24},"end":{"line":25,"column":1}},"6":{"start":{"line":9,"column":30},"end":{"line":9,"column":38}},"7":{"start":{"line":11,"column":2},"end":{"line":24,"column":3}},"8":{"start":{"line":12,"column":25},"end":{"line":12,"column":84}},"9":{"start":{"line":13,"column":4},"end":{"line":15,"column":5}},"10":{"start":{"line":14,"column":6},"end":{"line":14,"column":71}},"11":{"start":{"line":17,"column":27},"end":{"line":17,"column":58}},"12":{"start":{"line":19,"column":4},"end":{"line":19,"column":75}},"13":{"start":{"line":20,"column":4},"end":{"line":20,"column":62}},"14":{"start":{"line":22,"column":4},"end":{"line":22,"column":25}},"15":{"start":{"line":23,"column":4},"end":{"line":23,"column":66}},"16":{"start":{"line":8,"column":13},"end":{"line":8,"column":24}},"17":{"start":{"line":27,"column":21},"end":{"line":52,"column":1}},"18":{"start":{"line":28,"column":30},"end":{"line":28,"column":38}},"19":{"start":{"line":30,"column":2},"end":{"line":51,"column":3}},"20":{"start":{"line":31,"column":19},"end":{"line":31,"column":78}},"21":{"start":{"line":32,"column":4},"end":{"line":32,"column":81}},"22":{"start":{"line":32,"column":15},"end":{"line":32,"column":81}},"23":{"start":{"line":34,"column":20},"end":{"line":34,"column":69}},"24":{"start":{"line":35,"column":4},"end":{"line":35,"column":84}},"25":{"start":{"line":35,"column":18},"end":{"line":35,"column":84}},"26":{"start":{"line":37,"column":18},"end":{"line":37,"column":67}},"27":{"start":{"line":39,"column":4},"end":{"line":47,"column":7}},"28":{"start":{"line":49,"column":4},"end":{"line":49,"column":25}},"29":{"start":{"line":50,"column":4},"end":{"line":50,"column":63}},"30":{"start":{"line":27,"column":13},"end":{"line":27,"column":21}}},"fnMap":{"0":{"name":"(anonymous_1)","decl":{"start":{"line":8,"column":24},"end":{"line":8,"column":29}},"loc":{"start":{"line":8,"column":62},"end":{"line":25,"column":1}}},"1":{"name":"(anonymous_2)","decl":{"start":{"line":27,"column":21},"end":{"line":27,"column":26}},"loc":{"start":{"line":27,"column":59},"end":{"line":52,"column":1}}}},"branchMap":{"0":{"loc":{"start":{"line":13,"column":4},"end":{"line":15,"column":5}},"type":"if","locations":[{"start":{"line":13,"column":4},"end":{"line":15,"column":5}},{"start":{},"end":{}}]},"1":{"loc":{"start":{"line":32,"column":4},"end":{"line":32,"column":81}},"type":"if","locations":[{"start":{"line":32,"column":4},"end":{"line":32,"column":81}},{"start":{},"end":{}}]},"2":{"loc":{"start":{"line":35,"column":4},"end":{"line":35,"column":84}},"type":"if","locations":[{"start":{"line":35,"column":4},"end":{"line":35,"column":84}},{"start":{},"end":{}}]}},"s":{"0":2,"1":2,"2":2,"3":2,"4":2,"5":2,"6":2,"7":2,"8":2,"9":2,"10":1,"11":1,"12":1,"13":1,"14":0,"15":0,"16":2,"17":2,"18":2,"19":2,"20":2,"21":1,"22":0,"23":1,"24":1,"25":0,"26":1,"27":1,"28":1,"29":1,"30":2},"f":{"0":2,"1":2},"b":{"0":[1,1],"1":[0,1],"2":[0,1]}}
,"C:\\Users\\josia\\OneDrive\\Documents\\Semestre 8\\Arqui Sw\\casino-life-backend\\src\\controllers\\profile.controller.ts": {"path":"C:\\Users\\josia\\OneDrive\\Documents\\Semestre 8\\Arqui Sw\\casino-life-backend\\src\\controllers\\profile.controller.ts","statementMap":{"0":{"start":{"line":2,"column":0},"end":{"line":2,"column":34}},"1":{"start":{"line":3,"column":0},"end":{"line":3,"column":50}},"2":{"start":{"line":4,"column":0},"end":{"line":4,"column":44}},"3":{"start":{"line":7,"column":28},"end":{"line":50,"column":1}},"4":{"start":{"line":8,"column":2},"end":{"line":49,"column":3}},"5":{"start":{"line":9,"column":4},"end":{"line":9,"column":75}},"6":{"start":{"line":9,"column":19},"end":{"line":9,"column":75}},"7":{"start":{"line":11,"column":22},"end":{"line":19,"column":39}},"8":{"start":{"line":21,"column":4},"end":{"line":21,"column":82}},"9":{"start":{"line":21,"column":18},"end":{"line":21,"column":82}},"10":{"start":{"line":23,"column":17},"end":{"line":26,"column":6}},"11":{"start":{"line":28,"column":23},"end":{"line":38,"column":43}},"12":{"start":{"line":40,"column":20},"end":{"line":43,"column":7}},"13":{"start":{"line":40,"column":43},"end":{"line":43,"column":6}},"14":{"start":{"line":45,"column":4},"end":{"line":45,"column":39}},"15":{"start":{"line":47,"column":4},"end":{"line":47,"column":25}},"16":{"start":{"line":48,"column":4},"end":{"line":48,"column":75}},"17":{"start":{"line":7,"column":13},"end":{"line":7,"column":28}},"18":{"start":{"line":52,"column":27},"end":{"line":107,"column":1}},"19":{"start":{"line":53,"column":2},"end":{"line":106,"column":3}},"20":{"start":{"line":54,"column":37},"end":{"line":54,"column":45}},"21":{"start":{"line":56,"column":4},"end":{"line":58,"column":5}},"22":{"start":{"line":57,"column":6},"end":{"line":57,"column":80}},"23":{"start":{"line":60,"column":4},"end":{"line":62,"column":5}},"24":{"start":{"line":61,"column":6},"end":{"line":61,"column":64}},"25":{"start":{"line":64,"column":19},"end":{"line":67,"column":39}},"26":{"start":{"line":69,"column":4},"end":{"line":71,"column":5}},"27":{"start":{"line":70,"column":6},"end":{"line":70,"column":72}},"28":{"start":{"line":74,"column":25},"end":{"line":74,"column":43}},"29":{"start":{"line":78,"column":6},"end":{"line":80,"column":44}},"30":{"start":{"line":83,"column":4},"end":{"line":83,"column":43}},"31":{"start":{"line":86,"column":4},"end":{"line":89,"column":40}},"32":{"start":{"line":92,"column":4},"end":{"line":97,"column":7}},"33":{"start":{"line":99,"column":4},"end":{"line":102,"column":7}},"34":{"start":{"line":104,"column":4},"end":{"line":104,"column":25}},"35":{"start":{"line":105,"column":4},"end":{"line":105,"column":80}},"36":{"start":{"line":52,"column":13},"end":{"line":52,"column":27}}},"fnMap":{"0":{"name":"(anonymous_0)","decl":{"start":{"line":7,"column":28},"end":{"line":7,"column":33}},"loc":{"start":{"line":7,"column":70},"end":{"line":50,"column":1}}},"1":{"name":"(anonymous_1)","decl":{"start":{"line":40,"column":35},"end":{"line":40,"column":36}},"loc":{"start":{"line":40,"column":43},"end":{"line":43,"column":6}}},"2":{"name":"(anonymous_2)","decl":{"start":{"line":52,"column":27},"end":{"line":52,"column":32}},"loc":{"start":{"line":52,"column":69},"end":{"line":107,"column":1}}}},"branchMap":{"0":{"loc":{"start":{"line":9,"column":4},"end":{"line":9,"column":75}},"type":"if","locations":[{"start":{"line":9,"column":4},"end":{"line":9,"column":75}},{"start":{},"end":{}}]},"1":{"loc":{"start":{"line":21,"column":4},"end":{"line":21,"column":82}},"type":"if","locations":[{"start":{"line":21,"column":4},"end":{"line":21,"column":82}},{"start":{},"end":{}}]},"2":{"loc":{"start":{"line":56,"column":4},"end":{"line":58,"column":5}},"type":"if","locations":[{"start":{"line":56,"column":4},"end":{"line":58,"column":5}},{"start":{},"end":{}}]},"3":{"loc":{"start":{"line":56,"column":8},"end":{"line":56,"column":54}},"type":"binary-expr","locations":[{"start":{"line":56,"column":8},"end":{"line":56,"column":13}},{"start":{"line":56,"column":17},"end":{"line":56,"column":24}},{"start":{"line":56,"column":28},"end":{"line":56,"column":54}}]},"4":{"loc":{"start":{"line":60,"column":4},"end":{"line":62,"column":5}},"type":"if","locations":[{"start":{"line":60,"column":4},"end":{"line":62,"column":5}},{"start":{},"end":{}}]},"5":{"loc":{"start":{"line":69,"column":4},"end":{"line":71,"column":5}},"type":"if","locations":[{"start":{"line":69,"column":4},"end":{"line":71,"column":5}},{"start":{},"end":{}}]},"6":{"loc":{"start":{"line":78,"column":6},"end":{"line":80,"column":44}},"type":"cond-expr","locations":[{"start":{"line":79,"column":10},"end":{"line":79,"column":31}},{"start":{"line":80,"column":10},"end":{"line":80,"column":44}}]}},"s":{"0":2,"1":2,"2":2,"3":2,"4":1,"5":1,"6":0,"7":1,"8":1,"9":0,"10":1,"11":1,"12":1,"13":1,"14":1,"15":0,"16":0,"17":2,"18":2,"19":1,"20":1,"21":1,"22":0,"23":1,"24":0,"25":1,"26":1,"27":0,"28":1,"29":1,"30":1,"31":1,"32":1,"33":1,"34":0,"35":0,"36":2},"f":{"0":1,"1":1,"2":1},"b":{"0":[0,1],"1":[0,1],"2":[0,1],"3":[1,1,1],"4":[0,1],"5":[0,1],"6":[1,0]}}
,"C:\\Users\\josia\\OneDrive\\Documents\\Semestre 8\\Arqui Sw\\casino-life-backend\\src\\controllers\\ranking.controller.ts": {"path":"C:\\Users\\josia\\OneDrive\\Documents\\Semestre 8\\Arqui Sw\\casino-life-backend\\src\\controllers\\ranking.controller.ts","statementMap":{"0":{"start":{"line":2,"column":0},"end":{"line":2,"column":34}},"1":{"start":{"line":3,"column":0},"end":{"line":3,"column":37}},"2":{"start":{"line":4,"column":0},"end":{"line":4,"column":40}},"3":{"start":{"line":6,"column":26},"end":{"line":26,"column":1}},"4":{"start":{"line":7,"column":2},"end":{"line":25,"column":3}},"5":{"start":{"line":8,"column":18},"end":{"line":8,"column":84}},"6":{"start":{"line":10,"column":16},"end":{"line":19,"column":19}},"7":{"start":{"line":21,"column":4},"end":{"line":21,"column":50}},"8":{"start":{"line":23,"column":4},"end":{"line":23,"column":25}},"9":{"start":{"line":24,"column":4},"end":{"line":24,"column":69}},"10":{"start":{"line":6,"column":13},"end":{"line":6,"column":26}}},"fnMap":{"0":{"name":"(anonymous_0)","decl":{"start":{"line":6,"column":26},"end":{"line":6,"column":31}},"loc":{"start":{"line":6,"column":64},"end":{"line":26,"column":1}}}},"branchMap":{"0":{"loc":{"start":{"line":8,"column":27},"end":{"line":8,"column":78}},"type":"binary-expr","locations":[{"start":{"line":8,"column":27},"end":{"line":8,"column":72}},{"start":{"line":8,"column":76},"end":{"line":8,"column":78}}]},"1":{"loc":{"start":{"line":8,"column":43},"end":{"line":8,"column":66}},"type":"binary-expr","locations":[{"start":{"line":8,"column":43},"end":{"line":8,"column":58}},{"start":{"line":8,"column":62},"end":{"line":8,"column":66}}]}},"s":{"0":2,"1":2,"2":2,"3":2,"4":3,"5":3,"6":3,"7":3,"8":0,"9":0,"10":2},"f":{"0":3},"b":{"0":[3,0],"1":[3,1]}}
,"C:\\Users\\josia\\OneDrive\\Documents\\Semestre 8\\Arqui Sw\\casino-life-backend\\src\\db\\schema.ts": {"path":"C:\\Users\\josia\\OneDrive\\Documents\\Semestre 8\\Arqui Sw\\casino-life-backend\\src\\db\\schema.ts","statementMap":{"0":{"start":{"line":1,"column":0},"end":{"line":1,"column":89}},"1":{"start":{"line":3,"column":13},"end":{"line":9,"column":3}},"2":{"start":{"line":11,"column":13},"end":{"line":18,"column":3}},"3":{"start":{"line":13,"column":46},"end":{"line":13,"column":54}}},"fnMap":{"0":{"name":"(anonymous_0)","decl":{"start":{"line":13,"column":40},"end":{"line":13,"column":43}},"loc":{"start":{"line":13,"column":46},"end":{"line":13,"column":54}}}},"branchMap":{},"s":{"0":4,"1":4,"2":4,"3":0},"f":{"0":0},"b":{}}
,"C:\\Users\\josia\\OneDrive\\Documents\\Semestre 8\\Arqui Sw\\casino-life-backend\\src\\middlewares\\auth.ts": {"path":"C:\\Users\\josia\\OneDrive\\Documents\\Semestre 8\\Arqui Sw\\casino-life-backend\\src\\middlewares\\auth.ts","statementMap":{"0":{"start":{"line":2,"column":0},"end":{"line":2,"column":43}},"1":{"start":{"line":8,"column":28},"end":{"line":23,"column":1}},"2":{"start":{"line":9,"column":17},"end":{"line":9,"column":42}},"3":{"start":{"line":10,"column":2},"end":{"line":12,"column":3}},"4":{"start":{"line":11,"column":4},"end":{"line":11,"column":71}},"5":{"start":{"line":14,"column":16},"end":{"line":14,"column":36}},"6":{"start":{"line":15,"column":18},"end":{"line":15,"column":36}},"7":{"start":{"line":17,"column":2},"end":{"line":19,"column":3}},"8":{"start":{"line":18,"column":4},"end":{"line":18,"column":74}},"9":{"start":{"line":21,"column":2},"end":{"line":21,"column":28}},"10":{"start":{"line":22,"column":2},"end":{"line":22,"column":9}},"11":{"start":{"line":8,"column":13},"end":{"line":8,"column":28}}},"fnMap":{"0":{"name":"(anonymous_0)","decl":{"start":{"line":8,"column":28},"end":{"line":8,"column":29}},"loc":{"start":{"line":8,"column":84},"end":{"line":23,"column":1}}}},"branchMap":{"0":{"loc":{"start":{"line":10,"column":2},"end":{"line":12,"column":3}},"type":"if","locations":[{"start":{"line":10,"column":2},"end":{"line":12,"column":3}},{"start":{},"end":{}}]},"1":{"loc":{"start":{"line":10,"column":6},"end":{"line":10,"column":46}},"type":"binary-expr","locations":[{"start":{"line":10,"column":6},"end":{"line":10,"column":13}},{"start":{"line":10,"column":17},"end":{"line":10,"column":46}}]},"2":{"loc":{"start":{"line":17,"column":2},"end":{"line":19,"column":3}},"type":"if","locations":[{"start":{"line":17,"column":2},"end":{"line":19,"column":3}},{"start":{},"end":{}}]}},"s":{"0":2,"1":2,"2":4,"3":4,"4":2,"5":2,"6":2,"7":2,"8":1,"9":1,"10":1,"11":2},"f":{"0":4},"b":{"0":[2,2],"1":[4,3],"2":[1,1]}}
,"C:\\Users\\josia\\OneDrive\\Documents\\Semestre 8\\Arqui Sw\\casino-life-backend\\src\\routes\\auth.routes.ts": {"path":"C:\\Users\\josia\\OneDrive\\Documents\\Semestre 8\\Arqui Sw\\casino-life-backend\\src\\routes\\auth.routes.ts","statementMap":{"0":{"start":{"line":53,"column":0},"end":{"line":53,"column":30}},"1":{"start":{"line":54,"column":0},"end":{"line":54,"column":65}},"2":{"start":{"line":56,"column":13},"end":{"line":56,"column":43}},"3":{"start":{"line":58,"column":0},"end":{"line":58,"column":39}},"4":{"start":{"line":59,"column":0},"end":{"line":59,"column":33}}},"fnMap":{},"branchMap":{},"s":{"0":1,"1":1,"2":1,"3":1,"4":1},"f":{},"b":{}}
,"C:\\Users\\josia\\OneDrive\\Documents\\Semestre 8\\Arqui Sw\\casino-life-backend\\src\\routes\\profile.routes.ts": {"path":"C:\\Users\\josia\\OneDrive\\Documents\\Semestre 8\\Arqui Sw\\casino-life-backend\\src\\routes\\profile.routes.ts","statementMap":{"0":{"start":{"line":55,"column":0},"end":{"line":55,"column":30}},"1":{"start":{"line":56,"column":0},"end":{"line":56,"column":78}},"2":{"start":{"line":57,"column":0},"end":{"line":57,"column":51}},"3":{"start":{"line":59,"column":13},"end":{"line":59,"column":46}},"4":{"start":{"line":61,"column":0},"end":{"line":61,"column":53}},"5":{"start":{"line":62,"column":0},"end":{"line":62,"column":63}}},"fnMap":{},"branchMap":{},"s":{"0":1,"1":1,"2":1,"3":1,"4":1,"5":1},"f":{},"b":{}}
,"C:\\Users\\josia\\OneDrive\\Documents\\Semestre 8\\Arqui Sw\\casino-life-backend\\src\\routes\\ranking.routes.ts": {"path":"C:\\Users\\josia\\OneDrive\\Documents\\Semestre 8\\Arqui Sw\\casino-life-backend\\src\\routes\\ranking.routes.ts","statementMap":{"0":{"start":{"line":28,"column":0},"end":{"line":28,"column":30}},"1":{"start":{"line":29,"column":0},"end":{"line":29,"column":63}},"2":{"start":{"line":31,"column":13},"end":{"line":31,"column":46}},"3":{"start":{"line":33,"column":0},"end":{"line":33,"column":35}}},"fnMap":{},"branchMap":{},"s":{"0":1,"1":1,"2":1,"3":1},"f":{},"b":{}}
,"C:\\Users\\josia\\OneDrive\\Documents\\Semestre 8\\Arqui Sw\\casino-life-backend\\src\\utils\\jwt.ts": {"path":"C:\\Users\\josia\\OneDrive\\Documents\\Semestre 8\\Arqui Sw\\casino-life-backend\\src\\utils\\jwt.ts","statementMap":{"0":{"start":{"line":5,"column":0},"end":{"line":5,"column":16}},"1":{"start":{"line":9,"column":0},"end":{"line":9,"column":16}},"2":{"start":{"line":1,"column":0},"end":{"line":1,"column":31}},"3":{"start":{"line":3,"column":19},"end":{"line":3,"column":61}},"4":{"start":{"line":6,"column":2},"end":{"line":6,"column":60}},"5":{"start":{"line":10,"column":2},"end":{"line":14,"column":3}},"6":{"start":{"line":11,"column":4},"end":{"line":11,"column":41}},"7":{"start":{"line":13,"column":4},"end":{"line":13,"column":16}}},"fnMap":{"0":{"name":"generateToken","decl":{"start":{"line":5,"column":16},"end":{"line":5,"column":29}},"loc":{"start":{"line":5,"column":45},"end":{"line":7,"column":1}}},"1":{"name":"verifyToken","decl":{"start":{"line":9,"column":16},"end":{"line":9,"column":27}},"loc":{"start":{"line":9,"column":41},"end":{"line":15,"column":1}}}},"branchMap":{"0":{"loc":{"start":{"line":3,"column":19},"end":{"line":3,"column":61}},"type":"binary-expr","locations":[{"start":{"line":3,"column":19},"end":{"line":3,"column":41}},{"start":{"line":3,"column":45},"end":{"line":3,"column":61}}]}},"s":{"0":1,"1":1,"2":1,"3":1,"4":0,"5":0,"6":0,"7":0},"f":{"0":0,"1":0},"b":{"0":[1,1]}}
}
