TN:
SF:src\app.ts
FNF:0
FNH:0
DA:1,1
DA:2,1
DA:3,1
DA:4,1
DA:5,1
DA:6,1
DA:7,1
DA:9,1
DA:11,1
DA:12,1
DA:13,1
DA:16,1
DA:18,1
DA:19,1
DA:20,1
DA:22,1
LF:16
LH:16
BRF:0
BRH:0
end_of_record
TN:
SF:src\controllers\auth.controller.ts
FN:8,(anonymous_1)
FN:27,(anonymous_2)
FNF:2
FNH:2
FNDA:2,(anonymous_1)
FNDA:2,(anonymous_2)
DA:2,2
DA:3,2
DA:4,2
DA:5,2
DA:6,2
DA:8,2
DA:9,2
DA:11,2
DA:12,2
DA:13,2
DA:14,1
DA:17,1
DA:19,1
DA:20,1
DA:22,0
DA:23,0
DA:27,2
DA:28,2
DA:30,2
DA:31,2
DA:32,1
DA:34,1
DA:35,1
DA:37,1
DA:39,1
DA:49,1
DA:50,1
LF:27
LH:25
BRDA:13,0,0,1
BRDA:13,0,1,1
BRDA:32,1,0,0
BRDA:32,1,1,1
BRDA:35,2,0,0
BRDA:35,2,1,1
BRF:6
BRH:4
end_of_record
TN:
SF:src\controllers\profile.controller.ts
FN:7,(anonymous_0)
FN:40,(anonymous_1)
FN:52,(anonymous_2)
FNF:3
FNH:3
FNDA:1,(anonymous_0)
FNDA:1,(anonymous_1)
FNDA:1,(anonymous_2)
DA:2,2
DA:3,2
DA:4,2
DA:7,2
DA:8,1
DA:9,1
DA:11,1
DA:21,1
DA:23,1
DA:28,1
DA:40,1
DA:45,1
DA:47,0
DA:48,0
DA:52,2
DA:53,1
DA:54,1
DA:56,1
DA:57,0
DA:60,1
DA:61,0
DA:64,1
DA:69,1
DA:70,0
DA:74,1
DA:78,1
DA:83,1
DA:86,1
DA:92,1
DA:99,1
DA:104,0
DA:105,0
LF:32
LH:25
BRDA:9,0,0,0
BRDA:9,0,1,1
BRDA:21,1,0,0
BRDA:21,1,1,1
BRDA:56,2,0,0
BRDA:56,2,1,1
BRDA:56,3,0,1
BRDA:56,3,1,1
BRDA:56,3,2,1
BRDA:60,4,0,0
BRDA:60,4,1,1
BRDA:69,5,0,0
BRDA:69,5,1,1
BRDA:78,6,0,1
BRDA:78,6,1,0
BRF:15
BRH:9
end_of_record
TN:
SF:src\controllers\ranking.controller.ts
FN:6,(anonymous_0)
FNF:1
FNH:1
FNDA:3,(anonymous_0)
DA:2,2
DA:3,2
DA:4,2
DA:6,2
DA:7,3
DA:8,3
DA:10,3
DA:21,3
DA:23,0
DA:24,0
LF:10
LH:8
BRDA:8,0,0,3
BRDA:8,0,1,0
BRDA:8,1,0,3
BRDA:8,1,1,1
BRF:4
BRH:3
end_of_record
TN:
SF:src\db\schema.ts
FN:13,(anonymous_0)
FNF:1
FNH:0
FNDA:0,(anonymous_0)
DA:1,4
DA:3,4
DA:11,4
DA:13,0
LF:4
LH:3
BRF:0
BRH:0
end_of_record
TN:
SF:src\middlewares\auth.ts
FN:8,(anonymous_0)
FNF:1
FNH:1
FNDA:4,(anonymous_0)
DA:2,2
DA:8,2
DA:9,4
DA:10,4
DA:11,2
DA:14,2
DA:15,2
DA:17,2
DA:18,1
DA:21,1
DA:22,1
LF:11
LH:11
BRDA:10,0,0,2
BRDA:10,0,1,2
BRDA:10,1,0,4
BRDA:10,1,1,3
BRDA:17,2,0,1
BRDA:17,2,1,1
BRF:6
BRH:6
end_of_record
TN:
SF:src\routes\auth.routes.ts
FNF:0
FNH:0
DA:53,1
DA:54,1
DA:56,1
DA:58,1
DA:59,1
LF:5
LH:5
BRF:0
BRH:0
end_of_record
TN:
SF:src\routes\profile.routes.ts
FNF:0
FNH:0
DA:55,1
DA:56,1
DA:57,1
DA:59,1
DA:61,1
DA:62,1
LF:6
LH:6
BRF:0
BRH:0
end_of_record
TN:
SF:src\routes\ranking.routes.ts
FNF:0
FNH:0
DA:28,1
DA:29,1
DA:31,1
DA:33,1
LF:4
LH:4
BRF:0
BRH:0
end_of_record
TN:
SF:src\utils\jwt.ts
FN:5,generateToken
FN:9,verifyToken
FNF:2
FNH:0
FNDA:0,generateToken
FNDA:0,verifyToken
DA:1,1
DA:3,1
DA:5,1
DA:6,0
DA:9,1
DA:10,0
DA:11,0
DA:13,0
LF:8
LH:4
BRDA:3,0,0,1
BRDA:3,0,1,1
BRF:2
BRH:2
end_of_record
